<?xml version="1.0" encoding="UTF-8"?>
<!-- Generated by org.testng.reporters.JUnitXMLReporter -->
<testsuite hostname="tvl-note" name="Test" tests="2" failures="1" timestamp="23 Feb 2016 09:25:41 GMT" time="28.095" errors="0">
  <testcase name="_00_T_Login" time="12.351" classname="Tests._01_case01and02"/>
  <testcase name="_01_T_Search" time="7.005" classname="Tests._01_case01and02">
    <failure type="java.lang.AssertionError" message="There is no template with such number expected [true] but found [false]">
      <![CDATA[java.lang.AssertionError: There is no template with such number expected [true] but found [false]
	at Tests._01_case01and02._01_T_Search(_01_case01and02.java:30)
... Removed 27 stack frames]]>
    </failure>
  </testcase> <!-- _01_T_Search -->
</testsuite> <!-- Test -->
